<?xml version="1.0" encoding="UTF-8"?>
<!-- Generated by org.testng.reporters.JUnitReportReporter -->
<testsuite skipped="0" hostname="FG2000122000" name="com.qa.bigbazaar.test.AddFuturePayTest" tests="1" failures="0" timestamp="29 Apr 2021 11:06:40 GMT" time="35.082" errors="0">
  <testcase name="testFuturepayTopup" time="35.082" classname="com.qa.bigbazaar.test.AddFuturePayTest"/>
</testsuite> <!-- com.qa.bigbazaar.test.AddFuturePayTest -->
