<?xml version="1.0" encoding="UTF-8"?>
<!-- Generated by org.testng.reporters.JUnitReportReporter -->
<testsuite skipped="0" hostname="DESKTOP-P8RTCON" name="com.qa.bigbazaar.test.CheckoutTest" tests="5" failures="0" timestamp="24 Mar 2021 15:17:52 GMT" time="30.553" errors="0">
  <testcase name="testLoginVerifiedText" time="0.010" classname="com.qa.bigbazaar.test.CheckoutTest"/>
  <testcase name="testAddressText" time="0.002" classname="com.qa.bigbazaar.test.CheckoutTest"/>
  <testcase name="testItemsAdded" time="0.001" classname="com.qa.bigbazaar.test.CheckoutTest"/>
  <testcase name="testSelectDeliverySlot" time="15.386" classname="com.qa.bigbazaar.test.CheckoutTest"/>
  <testcase name="testFPOrder" time="15.154" classname="com.qa.bigbazaar.test.CheckoutTest"/>
</testsuite> <!-- com.qa.bigbazaar.test.CheckoutTest -->
