<?xml version="1.0" encoding="UTF-8"?>
<!-- Generated by org.testng.reporters.JUnitReportReporter -->
<testsuite skipped="0" hostname="DESKTOP-P8RTCON" name="com.qa.democart.test.LoginPageTest" tests="3" failures="0" timestamp="10 Jan 2021 17:29:59 GMT" time="2.026" errors="0">
  <testcase name="verifyLoginPageTitleTest" time="0.053" classname="com.qa.democart.test.LoginPageTest"/>
  <testcase name="verifyForgotPasswordLinkText" time="0.073" classname="com.qa.democart.test.LoginPageTest"/>
  <testcase name="loginTest" time="1.900" classname="com.qa.democart.test.LoginPageTest"/>
</testsuite> <!-- com.qa.democart.test.LoginPageTest -->
