<?xml version="1.0" encoding="UTF-8"?>
<!-- Generated by org.testng.reporters.JUnitReportReporter -->
<testsuite skipped="0" hostname="DESKTOP-P8RTCON" name="com.qa.bigbazaar.test.SearchAddProductSCOrderPlacementTest" tests="5" failures="0" timestamp="19 Apr 2021 11:31:39 GMT" time="28.496" errors="0">
  <testcase name="testLoginVerifiedText" time="0.089" classname="com.qa.bigbazaar.test.SearchAddProductSCOrderPlacementTest"/>
  <testcase name="testAddressText" time="0.006" classname="com.qa.bigbazaar.test.SearchAddProductSCOrderPlacementTest"/>
  <testcase name="testItemsAdded" time="0.005" classname="com.qa.bigbazaar.test.SearchAddProductSCOrderPlacementTest"/>
  <testcase name="testSelectDeliverySlot" time="15.352" classname="com.qa.bigbazaar.test.SearchAddProductSCOrderPlacementTest"/>
  <testcase name="testPayuOrder" time="13.044" classname="com.qa.bigbazaar.test.SearchAddProductSCOrderPlacementTest"/>
</testsuite> <!-- com.qa.bigbazaar.test.SearchAddProductSCOrderPlacementTest -->
