<?xml version="1.0" encoding="UTF-8"?>
<!-- Generated by org.testng.reporters.JUnitReportReporter -->
<testsuite skipped="0" hostname="DESKTOP-P8RTCON" name="com.qa.bigbazaar.test.SearchAddProductsFPOrderPlacementTest" tests="5" failures="0" timestamp="21 Apr 2021 09:48:38 GMT" time="32.453" errors="0">
  <testcase name="testLoginVerifiedText" time="0.440" classname="com.qa.bigbazaar.test.SearchAddProductsFPOrderPlacementTest"/>
  <testcase name="testAddressText" time="0.252" classname="com.qa.bigbazaar.test.SearchAddProductsFPOrderPlacementTest"/>
  <testcase name="testItemsAdded" time="0.011" classname="com.qa.bigbazaar.test.SearchAddProductsFPOrderPlacementTest"/>
  <testcase name="testSelectDeliverySlot" time="15.656" classname="com.qa.bigbazaar.test.SearchAddProductsFPOrderPlacementTest"/>
  <testcase name="testFPOrder" time="16.094" classname="com.qa.bigbazaar.test.SearchAddProductsFPOrderPlacementTest"/>
</testsuite> <!-- com.qa.bigbazaar.test.SearchAddProductsFPOrderPlacementTest -->
