<?xml version="1.0" encoding="UTF-8"?>
<!-- Generated by org.testng.reporters.JUnitReportReporter -->
<testsuite skipped="0" hostname="DESKTOP-P8RTCON" name="com.qa.bigbazaar.test.SearchAddProductNewCCOrderPlacementTest" tests="5" failures="0" timestamp="21 Apr 2021 09:39:22 GMT" time="30.065" errors="0">
  <testcase name="testLoginVerifiedText" time="0.414" classname="com.qa.bigbazaar.test.SearchAddProductNewCCOrderPlacementTest"/>
  <testcase name="testAddressText" time="0.341" classname="com.qa.bigbazaar.test.SearchAddProductNewCCOrderPlacementTest"/>
  <testcase name="testItemsAdded" time="0.008" classname="com.qa.bigbazaar.test.SearchAddProductNewCCOrderPlacementTest"/>
  <testcase name="testSelectDeliverySlot" time="15.610" classname="com.qa.bigbazaar.test.SearchAddProductNewCCOrderPlacementTest"/>
  <testcase name="testPayuOrder" time="13.692" classname="com.qa.bigbazaar.test.SearchAddProductNewCCOrderPlacementTest"/>
</testsuite> <!-- com.qa.bigbazaar.test.SearchAddProductNewCCOrderPlacementTest -->
