<?xml version="1.0" encoding="UTF-8"?>
<!-- Generated by org.testng.reporters.JUnitReportReporter -->
<testsuite skipped="0" hostname="DESKTOP-P8RTCON" name="com.qa.brandfactory.test.HomePageTest" tests="2" failures="0" timestamp="09 Mar 2021 15:06:20 GMT" time="8.124" errors="0">
  <testcase name="loginTest" time="8.094" classname="com.qa.brandfactory.test.HomePageTest"/>
  <testcase name="homePageTitleTest" time="0.030" classname="com.qa.brandfactory.test.HomePageTest"/>
</testsuite> <!-- com.qa.brandfactory.test.HomePageTest -->
