<?xml version="1.0" encoding="UTF-8"?>
<!-- Generated by org.testng.reporters.JUnitReportReporter -->
<testsuite skipped="0" hostname="DESKTOP-P8RTCON" name="com.qa.democart.test.AccountsPageTest" tests="7" failures="0" timestamp="12 Jan 2021 11:37:57 GMT" time="5.979" errors="0">
  <testcase name="accountsPageTitleTest" time="0.029" classname="com.qa.democart.test.AccountsPageTest"/>
  <testcase name="accountsPageHeaderTest" time="0.095" classname="com.qa.democart.test.AccountsPageTest"/>
  <testcase name="accountPageSectionCountTest" time="0.026" classname="com.qa.democart.test.AccountsPageTest"/>
  <testcase name="accountPageSectionTextTest" time="0.073" classname="com.qa.democart.test.AccountsPageTest"/>
  <testcase name="searchTest" time="1.578" classname="com.qa.democart.test.AccountsPageTest"/>
  <testcase name="searchTest" time="1.738" classname="com.qa.democart.test.AccountsPageTest"/>
  <testcase name="searchTest" time="2.440" classname="com.qa.democart.test.AccountsPageTest"/>
</testsuite> <!-- com.qa.democart.test.AccountsPageTest -->
