<?xml version="1.0" encoding="UTF-8"?>
<!-- Generated by org.testng.reporters.JUnitReportReporter -->
<testsuite skipped="0" hostname="DESKTOP-P8RTCON" name="com.qa.bigbazaar.test.FPOrderPlacementTest" tests="5" failures="0" timestamp="07 Apr 2021 11:57:42 GMT" time="33.568" errors="0">
  <testcase name="testLoginVerifiedText" time="0.014" classname="com.qa.bigbazaar.test.FPOrderPlacementTest"/>
  <testcase name="testAddressText" time="0.002" classname="com.qa.bigbazaar.test.FPOrderPlacementTest"/>
  <testcase name="testItemsAdded" time="0.004" classname="com.qa.bigbazaar.test.FPOrderPlacementTest"/>
  <testcase name="testSelectDeliverySlot" time="15.630" classname="com.qa.bigbazaar.test.FPOrderPlacementTest"/>
  <testcase name="testFPOrder" time="17.918" classname="com.qa.bigbazaar.test.FPOrderPlacementTest"/>
</testsuite> <!-- com.qa.bigbazaar.test.FPOrderPlacementTest -->
