<?xml version="1.0" encoding="UTF-8"?>
<!-- Generated by org.testng.reporters.JUnitReportReporter -->
<testsuite skipped="0" hostname="DESKTOP-P8RTCON" name="com.qa.bigbazaar.test.SearchAddProductCODOrderPlacementTest" tests="5" failures="0" timestamp="21 Apr 2021 09:34:39 GMT" time="21.202" errors="0">
  <testcase name="testLoginVerifiedText" time="0.439" classname="com.qa.bigbazaar.test.SearchAddProductCODOrderPlacementTest"/>
  <testcase name="testAddressText" time="0.232" classname="com.qa.bigbazaar.test.SearchAddProductCODOrderPlacementTest"/>
  <testcase name="testItemsAdded" time="0.008" classname="com.qa.bigbazaar.test.SearchAddProductCODOrderPlacementTest"/>
  <testcase name="testSelectDeliverySlot" time="15.478" classname="com.qa.bigbazaar.test.SearchAddProductCODOrderPlacementTest"/>
  <testcase name="testPayuOrder" time="5.045" classname="com.qa.bigbazaar.test.SearchAddProductCODOrderPlacementTest"/>
</testsuite> <!-- com.qa.bigbazaar.test.SearchAddProductCODOrderPlacementTest -->
