<?xml version="1.0" encoding="UTF-8"?>
<!-- Generated by org.testng.reporters.JUnitReportReporter -->
<testsuite skipped="0" hostname="DESKTOP-P8RTCON" name="com.qa.democart.test.ForgotPasswordTest" tests="5" failures="0" timestamp="12 Jan 2021 13:53:32 GMT" time="9.849" errors="0">
  <testcase name="forgotPwdPageTitleTest" time="0.032" classname="com.qa.democart.test.ForgotPasswordTest"/>
  <testcase name="forgotPwdH1TitleTest" time="0.046" classname="com.qa.democart.test.ForgotPasswordTest"/>
  <testcase name="forgotPwdEmailAddressTextTest" time="0.036" classname="com.qa.democart.test.ForgotPasswordTest"/>
  <testcase name="passwordResetWithInvalidUsernameTest" time="1.784" classname="com.qa.democart.test.ForgotPasswordTest"/>
  <testcase name="passwordResetWithValidUsernameTest" time="7.951" classname="com.qa.democart.test.ForgotPasswordTest"/>
</testsuite> <!-- com.qa.democart.test.ForgotPasswordTest -->
