<?xml version="1.0" encoding="UTF-8"?>
<!-- Generated by org.testng.reporters.JUnitReportReporter -->
<testsuite skipped="0" hostname="DESKTOP-P8RTCON" name="com.qa.brandfactory.test.QuickbuyTest" tests="3" failures="0" timestamp="04 Mar 2021 14:43:57 GMT" time="42.198" errors="0">
  <testcase name="testAddItemFromQuickbuy" time="21.108" classname="com.qa.brandfactory.test.QuickbuyTest"/>
  <testcase name="testRemoveItemsFromQuickbuy" time="20.689" classname="com.qa.brandfactory.test.QuickbuyTest"/>
  <testcase name="testViewMoreDetailsFromQuickView" time="0.401" classname="com.qa.brandfactory.test.QuickbuyTest"/>
</testsuite> <!-- com.qa.brandfactory.test.QuickbuyTest -->
