<?xml version="1.0" encoding="UTF-8"?>
<!-- Generated by org.testng.reporters.JUnitReportReporter -->
<testsuite skipped="0" hostname="DESKTOP-P8RTCON" name="com.qa.bigbazaar.test.BasketPageTest" tests="3" failures="0" timestamp="16 Mar 2021 14:17:18 GMT" time="1.453" errors="0">
  <testcase name="testBasketPageTitle" time="0.335" classname="com.qa.bigbazaar.test.BasketPageTest"/>
  <testcase name="testItemsAddedInBasket" time="0.006" classname="com.qa.bigbazaar.test.BasketPageTest"/>
  <testcase name="testProceedToPayment" time="1.112" classname="com.qa.bigbazaar.test.BasketPageTest"/>
</testsuite> <!-- com.qa.bigbazaar.test.BasketPageTest -->
