<?xml version="1.0" encoding="UTF-8"?>
<!-- Generated by org.testng.reporters.JUnitReportReporter -->
<testsuite skipped="0" hostname="DESKTOP-P8RTCON" name="com.qa.brandfactory.test.SearchTest" tests="1" failures="0" timestamp="13 Jan 2021 12:09:43 GMT" time="0.006" errors="0">
  <testcase name="searchPageTitleTest" time="0.006" classname="com.qa.brandfactory.test.SearchTest"/>
</testsuite> <!-- com.qa.brandfactory.test.SearchTest -->
