<?xml version="1.0" encoding="UTF-8"?>
<!-- Generated by org.testng.reporters.JUnitReportReporter -->
<testsuite skipped="0" hostname="DESKTOP-P8RTCON" name="com.qa.bigbazaar.test.SearchAddProductSavedCCOrderPlacementTest" tests="5" failures="0" timestamp="21 Apr 2021 09:46:14 GMT" time="29.115" errors="0">
  <testcase name="testLoginVerifiedText" time="0.428" classname="com.qa.bigbazaar.test.SearchAddProductSavedCCOrderPlacementTest"/>
  <testcase name="testAddressText" time="0.236" classname="com.qa.bigbazaar.test.SearchAddProductSavedCCOrderPlacementTest"/>
  <testcase name="testItemsAdded" time="0.004" classname="com.qa.bigbazaar.test.SearchAddProductSavedCCOrderPlacementTest"/>
  <testcase name="testSelectDeliverySlot" time="15.565" classname="com.qa.bigbazaar.test.SearchAddProductSavedCCOrderPlacementTest"/>
  <testcase name="testPayuOrder" time="12.882" classname="com.qa.bigbazaar.test.SearchAddProductSavedCCOrderPlacementTest"/>
</testsuite> <!-- com.qa.bigbazaar.test.SearchAddProductSavedCCOrderPlacementTest -->
