<?xml version="1.0" encoding="UTF-8"?>
<!-- Generated by org.testng.reporters.JUnitReportReporter -->
<testsuite skipped="0" hostname="DESKTOP-P8RTCON" name="com.qa.bigbazaar.test.AddFuturePayTest" tests="1" failures="0" timestamp="22 Apr 2021 09:43:44 GMT" time="23.975" errors="0">
  <testcase name="testFuturepayTopup" time="23.975" classname="com.qa.bigbazaar.test.AddFuturePayTest"/>
</testsuite> <!-- com.qa.bigbazaar.test.AddFuturePayTest -->
