<?xml version="1.0" encoding="UTF-8"?>
<!-- Generated by org.testng.reporters.JUnitReportReporter -->
<testsuite skipped="0" hostname="DESKTOP-P8RTCON" name="com.qa.brandfactory.test.SearchPageTest" tests="5" failures="0" timestamp="09 Mar 2021 15:26:55 GMT" time="49.820" errors="0">
  <testcase name="testSearchPageURL" time="0.013" classname="com.qa.brandfactory.test.SearchPageTest"/>
  <testcase name="testSearchTermInBreadCrumb" time="3.262" classname="com.qa.brandfactory.test.SearchPageTest"/>
  <testcase name="testAddItemFromListings" time="20.738" classname="com.qa.brandfactory.test.SearchPageTest"/>
  <testcase name="testRemoveItemsFromListings" time="20.501" classname="com.qa.brandfactory.test.SearchPageTest"/>
  <testcase name="testQuickView" time="5.306" classname="com.qa.brandfactory.test.SearchPageTest"/>
</testsuite> <!-- com.qa.brandfactory.test.SearchPageTest -->
