<?xml version="1.0" encoding="UTF-8"?>
<!-- Generated by org.testng.reporters.JUnitReportReporter -->
<testsuite skipped="0" hostname="DESKTOP-P8RTCON" name="com.qa.brandfactory.test.EmptyBasketPageTest" tests="4" failures="0" timestamp="09 Mar 2021 15:06:50 GMT" time="0.694" errors="0">
  <testcase name="testEmptyBasketPageTitle" time="0.164" classname="com.qa.brandfactory.test.EmptyBasketPageTest"/>
  <testcase name="testEmptyBasketPageStaticContent" time="0.099" classname="com.qa.brandfactory.test.EmptyBasketPageTest"/>
  <testcase name="testPreviousPurchase" time="0.179" classname="com.qa.brandfactory.test.EmptyBasketPageTest"/>
  <testcase name="testStartShoppingButton" time="0.252" classname="com.qa.brandfactory.test.EmptyBasketPageTest"/>
</testsuite> <!-- com.qa.brandfactory.test.EmptyBasketPageTest -->
