<?xml version="1.0" encoding="UTF-8"?>
<!-- Generated by org.testng.reporters.JUnitReportReporter -->
<testsuite skipped="0" hostname="DESKTOP-P8RTCON" name="com.qa.bigbazaar.test.SearchAddProductNewDCOrderPlacementTest" tests="5" failures="0" timestamp="21 Apr 2021 09:44:47 GMT" time="30.091" errors="0">
  <testcase name="testLoginVerifiedText" time="0.477" classname="com.qa.bigbazaar.test.SearchAddProductNewDCOrderPlacementTest"/>
  <testcase name="testAddressText" time="0.265" classname="com.qa.bigbazaar.test.SearchAddProductNewDCOrderPlacementTest"/>
  <testcase name="testItemsAdded" time="0.009" classname="com.qa.bigbazaar.test.SearchAddProductNewDCOrderPlacementTest"/>
  <testcase name="testSelectDeliverySlot" time="15.601" classname="com.qa.bigbazaar.test.SearchAddProductNewDCOrderPlacementTest"/>
  <testcase name="testPayuOrder" time="13.739" classname="com.qa.bigbazaar.test.SearchAddProductNewDCOrderPlacementTest"/>
</testsuite> <!-- com.qa.bigbazaar.test.SearchAddProductNewDCOrderPlacementTest -->
